<?xml version="1.0" encoding="UTF-8"?>
<testsuite xmlns:xsi="http://www.w3.org/2001/XMLSchema-instance" xsi:noNamespaceSchemaLocation="https://maven.apache.org/surefire/maven-surefire-plugin/xsd/surefire-test-report-3.0.xsd" version="3.0" name="CalculsTest" time="0.032" tests="4" errors="0" skipped="0" failures="0">
  <properties>
[...]
</properties>
  <testcase name="testSoustraire" classname="CalculsTest" time="0.02"/>
  <testcase name="testAdditionner" classname="CalculsTest" time="0"/>
  <testcase name="testMultiplier" classname="CalculsTest" time="0.004"/>
  <testcase name="testDiviser" classname="CalculsTest" time="0"/>
</testsuite>