-------------------------------------------------------------------------------
Test set: TriTableauTest
-------------------------------------------------------------------------------
Tests run: 2, Failures: 1, Errors: 0, Skipped: 0, Time elapsed: 0.031 s <<< FAILURE! - in TriTableauTest
testTriDecroissant  Time elapsed: 0.029 s  <<< FAILURE!
org.opentest4j.AssertionFailedError: Index 10 out of bounds for length 10
	at TriTableauTest.testTriDecroissant(TriTableauTest.java:49)

